{"name": "search any product add to cart", "status": "broken", "statusDetails": {"message": "selenium.common.exceptions.NoSuchElementException: Message: no such element: Unable to locate element: {\"method\":\"xpath\",\"selector\":\"//div[contains(@class,'alertt')]\"}\n  (Session info: chrome=131.0.6778.86); For documentation on this error, please visit: https://www.selenium.dev/documentation/webdriver/troubleshooting/errors#no-such-element-exception\nStacktrace:\n\tGetHandleVerifier [0x00007FF7C2276CB5+28821]\n\t(No symbol) [0x00007FF7C21E3840]\n\t(No symbol) [0x00007FF7C208578A]\n\t(No symbol) [0x00007FF7C20D91BE]\n\t(No symbol) [0x00007FF7C20D94AC]\n\t(No symbol) [0x00007FF7C2122647]\n\t(No symbol) [0x00007FF7C20FF33F]\n\t(No symbol) [0x00007FF7C211F412]\n\t(No symbol) [0x00007FF7C20FF0A3]\n\t(No symbol) [0x00007FF7C20CA778]\n\t(No symbol) [0x00007FF7C20CB8E1]\n\tGetHandleVerifier [0x00007FF7C25AFCAD+3408013]\n\tGetHandleVerifier [0x00007FF7C25C741F+3504127]\n\tGetHandleVerifier [0x00007FF7C25BB5FD+3455453]\n\tGetHandleVerifier [0x00007FF7C233BDBB+835995]\n\t(No symbol) [0x00007FF7C21EEB5F]\n\t(No symbol) [0x00007FF7C21EA814]\n\t(No symbol) [0x00007FF7C21EA9AD]\n\t(No symbol) [0x00007FF7C21DA199]\n\tBaseThreadInitThunk [0x00007FFB94A5257D+29]\n\tRtlUserThreadStart [0x00007FFB9558AA48+40]\n\n", "trace": "  File \"C:\\Users\\Vinuthreddy\\PycharmProjects\\BDD_Framework\\.venv\\Lib\\site-packages\\behave\\model.py\", line 1329, in run\n    match.run(runner.context)\n    ~~~~~~~~~^^^^^^^^^^^^^^^^\n  File \"C:\\Users\\Vinuthreddy\\PycharmProjects\\BDD_Framework\\.venv\\Lib\\site-packages\\behave\\matchers.py\", line 98, in run\n    self.func(context, *args, **kwargs)\n    ~~~~~~~~~^^^^^^^^^^^^^^^^^^^^^^^^^^\n  File \"features\\steps\\cart_steps.py\", line 25, in step_impl\n    element=context.driver.find_element(\"xpath\",\"//div[contains(@class,'alertt')]\")\n  File \"C:\\Users\\Vinuthreddy\\PycharmProjects\\BDD_Framework\\.venv\\Lib\\site-packages\\selenium\\webdriver\\remote\\webdriver.py\", line 748, in find_element\n    return self.execute(Command.FIND_ELEMENT, {\"using\": by, \"value\": value})[\"value\"]\n           ~~~~~~~~~~~~^^^^^^^^^^^^^^^^^^^^^^^^^^^^^^^^^^^^^^^^^^^^^^^^^^^^^\n  File \"C:\\Users\\Vinuthreddy\\PycharmProjects\\BDD_Framework\\.venv\\Lib\\site-packages\\selenium\\webdriver\\remote\\webdriver.py\", line 354, in execute\n    self.error_handler.check_response(response)\n    ~~~~~~~~~~~~~~~~~~~~~~~~~~~~~~~~~^^^^^^^^^^\n  File \"C:\\Users\\Vinuthreddy\\PycharmProjects\\BDD_Framework\\.venv\\Lib\\site-packages\\selenium\\webdriver\\remote\\errorhandler.py\", line 229, in check_response\n    raise exception_class(message, screen, stacktrace)\n"}, "steps": [{"name": "Given i navigated to login page", "status": "passed", "start": 1732712521702, "stop": 1732712522051}, {"name": "When i entered email  and password  into respective fields", "status": "passed", "start": 1732712522051, "stop": 1732712522795}, {"name": "And i entered product into search textfield", "status": "passed", "start": 1732712522795, "stop": 1732712523234}, {"name": "And i clicked on add to cart btn", "status": "passed", "start": 1732712523234, "stop": 1732712523324}, {"name": "Then successfully product should be added to cart should display", "status": "broken", "statusDetails": {"message": "selenium.common.exceptions.NoSuchElementException: Message: no such element: Unable to locate element: {\"method\":\"xpath\",\"selector\":\"//div[contains(@class,'alertt')]\"}\n  (Session info: chrome=131.0.6778.86); For documentation on this error, please visit: https://www.selenium.dev/documentation/webdriver/troubleshooting/errors#no-such-element-exception\nStacktrace:\n\tGetHandleVerifier [0x00007FF7C2276CB5+28821]\n\t(No symbol) [0x00007FF7C21E3840]\n\t(No symbol) [0x00007FF7C208578A]\n\t(No symbol) [0x00007FF7C20D91BE]\n\t(No symbol) [0x00007FF7C20D94AC]\n\t(No symbol) [0x00007FF7C2122647]\n\t(No symbol) [0x00007FF7C20FF33F]\n\t(No symbol) [0x00007FF7C211F412]\n\t(No symbol) [0x00007FF7C20FF0A3]\n\t(No symbol) [0x00007FF7C20CA778]\n\t(No symbol) [0x00007FF7C20CB8E1]\n\tGetHandleVerifier [0x00007FF7C25AFCAD+3408013]\n\tGetHandleVerifier [0x00007FF7C25C741F+3504127]\n\tGetHandleVerifier [0x00007FF7C25BB5FD+3455453]\n\tGetHandleVerifier [0x00007FF7C233BDBB+835995]\n\t(No symbol) [0x00007FF7C21EEB5F]\n\t(No symbol) [0x00007FF7C21EA814]\n\t(No symbol) [0x00007FF7C21EA9AD]\n\t(No symbol) [0x00007FF7C21DA199]\n\tBaseThreadInitThunk [0x00007FFB94A5257D+29]\n\tRtlUserThreadStart [0x00007FFB9558AA48+40]\n\n", "trace": "  File \"C:\\Users\\Vinuthreddy\\PycharmProjects\\BDD_Framework\\.venv\\Lib\\site-packages\\behave\\model.py\", line 1329, in run\n    match.run(runner.context)\n    ~~~~~~~~~^^^^^^^^^^^^^^^^\n  File \"C:\\Users\\Vinuthreddy\\PycharmProjects\\BDD_Framework\\.venv\\Lib\\site-packages\\behave\\matchers.py\", line 98, in run\n    self.func(context, *args, **kwargs)\n    ~~~~~~~~~^^^^^^^^^^^^^^^^^^^^^^^^^^\n  File \"features\\steps\\cart_steps.py\", line 25, in step_impl\n    element=context.driver.find_element(\"xpath\",\"//div[contains(@class,'alertt')]\")\n  File \"C:\\Users\\Vinuthreddy\\PycharmProjects\\BDD_Framework\\.venv\\Lib\\site-packages\\selenium\\webdriver\\remote\\webdriver.py\", line 748, in find_element\n    return self.execute(Command.FIND_ELEMENT, {\"using\": by, \"value\": value})[\"value\"]\n           ~~~~~~~~~~~~^^^^^^^^^^^^^^^^^^^^^^^^^^^^^^^^^^^^^^^^^^^^^^^^^^^^^\n  File \"C:\\Users\\Vinuthreddy\\PycharmProjects\\BDD_Framework\\.venv\\Lib\\site-packages\\selenium\\webdriver\\remote\\webdriver.py\", line 354, in execute\n    self.error_handler.check_response(response)\n    ~~~~~~~~~~~~~~~~~~~~~~~~~~~~~~~~~^^^^^^^^^^\n  File \"C:\\Users\\Vinuthreddy\\PycharmProjects\\BDD_Framework\\.venv\\Lib\\site-packages\\selenium\\webdriver\\remote\\errorhandler.py\", line 229, in check_response\n    raise exception_class(message, screen, stacktrace)\n"}, "attachments": [{"name": "screenshot", "source": "23f4e885-86a7-44bf-88be-a9d440e0e4e5-attachment.png", "type": "image/png"}], "start": 1732712523325, "stop": 1732712533494}], "start": 1732712516867, "stop": 1732712535752, "uuid": "45a4308f-3037-4eac-8d36-39748a7dea69", "historyId": "980b97a9549e96fa6e8465610f6f40fc", "fullName": "Add to cart functionality: search any product add to cart", "labels": [{"name": "severity", "value": "normal"}, {"name": "tag", "value": "init"}, {"name": "feature", "value": "Add to cart functionality"}, {"name": "framework", "value": "behave"}, {"name": "language", "value": "cpython3"}]}